2016-04-29 15:11:40.083 [ Thread-0 ] - [ INFO  ] [ com.xc.concurrent.thread.HelloRunnable : 42 ] - hello from a thread!
2016-04-29 15:14:30.234 [ Thread-0 ] - [ INFO  ] [ com.xc.concurrent.thread.HelloThread : 31 ] - hello from a thread implements Runnable!
2016-04-29 15:18:33.927 [ Thread-0 ] - [ INFO  ] [ com.xc.concurrent.thread.HelloThread : 31 ] - hello from a thread implements Runnable!
2016-04-29 15:23:06.295 [ main ] - [ INFO  ] [ com.xc.concurrent.thread.SleepMessages : 46 ] - Mares eat oats
2016-04-29 15:23:10.301 [ main ] - [ INFO  ] [ com.xc.concurrent.thread.SleepMessages : 46 ] - Does eat oats
2016-04-29 15:23:14.302 [ main ] - [ INFO  ] [ com.xc.concurrent.thread.SleepMessages : 46 ] - Little lambs eat ivy
2016-04-29 15:23:18.303 [ main ] - [ INFO  ] [ com.xc.concurrent.thread.SleepMessages : 46 ] - A kid will eat ivy too
2016-04-29 15:28:19.489 [ main ] - [ INFO  ] [ com.xc.concurrent.thread.SleepMessages : 46 ] - Mares eat oats
2016-04-29 15:28:23.496 [ main ] - [ INFO  ] [ com.xc.concurrent.thread.SleepMessages : 46 ] - Does eat oats
2016-04-29 15:28:27.498 [ main ] - [ INFO  ] [ com.xc.concurrent.thread.SleepMessages : 46 ] - Little lambs eat ivy
2016-04-29 15:28:31.499 [ main ] - [ INFO  ] [ com.xc.concurrent.thread.SleepMessages : 46 ] - A kid will eat ivy too
2016-04-29 15:40:18.785 [ main ] - [ INFO  ] [ com.xc.concurrent.thread.SimpleThreads : 40 ] - main:Starting MessageLoop thread
2016-04-29 15:40:18.785 [ main ] - [ INFO  ] [ com.xc.concurrent.thread.SimpleThreads : 40 ] - main:Starting MessageLoop thread
2016-04-29 15:40:18.789 [ main ] - [ INFO  ] [ com.xc.concurrent.thread.SimpleThreads : 40 ] - main:Waiting for MessageLoop thread to finish
2016-04-29 15:40:18.789 [ main ] - [ INFO  ] [ com.xc.concurrent.thread.SimpleThreads : 40 ] - main:Waiting for MessageLoop thread to finish
2016-04-29 15:40:18.789 [ main ] - [ INFO  ] [ com.xc.concurrent.thread.SimpleThreads : 40 ] - main:Still waiting...
2016-04-29 15:40:18.789 [ main ] - [ INFO  ] [ com.xc.concurrent.thread.SimpleThreads : 40 ] - main:Still waiting...
2016-04-29 15:40:19.790 [ main ] - [ INFO  ] [ com.xc.concurrent.thread.SimpleThreads : 40 ] - main:Still waiting...
2016-04-29 15:40:19.790 [ main ] - [ INFO  ] [ com.xc.concurrent.thread.SimpleThreads : 40 ] - main:Still waiting...
2016-04-29 15:40:20.792 [ main ] - [ INFO  ] [ com.xc.concurrent.thread.SimpleThreads : 40 ] - main:Still waiting...
2016-04-29 15:40:20.792 [ main ] - [ INFO  ] [ com.xc.concurrent.thread.SimpleThreads : 40 ] - main:Still waiting...
2016-04-29 15:40:21.792 [ main ] - [ INFO  ] [ com.xc.concurrent.thread.SimpleThreads : 40 ] - main:Still waiting...
2016-04-29 15:40:21.792 [ main ] - [ INFO  ] [ com.xc.concurrent.thread.SimpleThreads : 40 ] - main:Still waiting...
2016-04-29 15:40:22.790 [ Thread-0 ] - [ INFO  ] [ com.xc.concurrent.thread.SimpleThreads : 40 ] - Thread-0:Mares eat oats
2016-04-29 15:40:22.790 [ Thread-0 ] - [ INFO  ] [ com.xc.concurrent.thread.SimpleThreads : 40 ] - Thread-0:Mares eat oats
2016-04-29 15:40:22.793 [ main ] - [ INFO  ] [ com.xc.concurrent.thread.SimpleThreads : 40 ] - main:Still waiting...
2016-04-29 15:40:22.793 [ main ] - [ INFO  ] [ com.xc.concurrent.thread.SimpleThreads : 40 ] - main:Still waiting...
2016-04-29 15:40:23.797 [ main ] - [ INFO  ] [ com.xc.concurrent.thread.SimpleThreads : 40 ] - main:Still waiting...
2016-04-29 15:40:23.797 [ main ] - [ INFO  ] [ com.xc.concurrent.thread.SimpleThreads : 40 ] - main:Still waiting...
2016-04-29 15:40:24.797 [ main ] - [ INFO  ] [ com.xc.concurrent.thread.SimpleThreads : 40 ] - main:Still waiting...
2016-04-29 15:40:24.797 [ main ] - [ INFO  ] [ com.xc.concurrent.thread.SimpleThreads : 40 ] - main:Still waiting...
2016-04-29 15:40:25.797 [ main ] - [ INFO  ] [ com.xc.concurrent.thread.SimpleThreads : 40 ] - main:Still waiting...
2016-04-29 15:40:25.797 [ main ] - [ INFO  ] [ com.xc.concurrent.thread.SimpleThreads : 40 ] - main:Still waiting...
2016-04-29 15:40:26.791 [ Thread-0 ] - [ INFO  ] [ com.xc.concurrent.thread.SimpleThreads : 40 ] - Thread-0:Does eat oats
2016-04-29 15:40:26.791 [ Thread-0 ] - [ INFO  ] [ com.xc.concurrent.thread.SimpleThreads : 40 ] - Thread-0:Does eat oats
2016-04-29 15:40:26.800 [ main ] - [ INFO  ] [ com.xc.concurrent.thread.SimpleThreads : 40 ] - main:Still waiting...
2016-04-29 15:40:26.800 [ main ] - [ INFO  ] [ com.xc.concurrent.thread.SimpleThreads : 40 ] - main:Still waiting...
2016-04-29 15:40:27.801 [ main ] - [ INFO  ] [ com.xc.concurrent.thread.SimpleThreads : 40 ] - main:Still waiting...
2016-04-29 15:40:27.801 [ main ] - [ INFO  ] [ com.xc.concurrent.thread.SimpleThreads : 40 ] - main:Still waiting...
2016-04-29 15:40:28.801 [ main ] - [ INFO  ] [ com.xc.concurrent.thread.SimpleThreads : 40 ] - main:Still waiting...
2016-04-29 15:40:28.801 [ main ] - [ INFO  ] [ com.xc.concurrent.thread.SimpleThreads : 40 ] - main:Still waiting...
2016-04-29 15:40:29.802 [ main ] - [ INFO  ] [ com.xc.concurrent.thread.SimpleThreads : 40 ] - main:Still waiting...
2016-04-29 15:40:29.802 [ main ] - [ INFO  ] [ com.xc.concurrent.thread.SimpleThreads : 40 ] - main:Still waiting...
2016-04-29 15:40:30.792 [ Thread-0 ] - [ INFO  ] [ com.xc.concurrent.thread.SimpleThreads : 40 ] - Thread-0:Little lambs eat ivy
2016-04-29 15:40:30.792 [ Thread-0 ] - [ INFO  ] [ com.xc.concurrent.thread.SimpleThreads : 40 ] - Thread-0:Little lambs eat ivy
2016-04-29 15:40:30.803 [ main ] - [ INFO  ] [ com.xc.concurrent.thread.SimpleThreads : 40 ] - main:Still waiting...
2016-04-29 15:40:30.803 [ main ] - [ INFO  ] [ com.xc.concurrent.thread.SimpleThreads : 40 ] - main:Still waiting...
2016-04-29 15:40:31.804 [ main ] - [ INFO  ] [ com.xc.concurrent.thread.SimpleThreads : 40 ] - main:Still waiting...
2016-04-29 15:40:31.804 [ main ] - [ INFO  ] [ com.xc.concurrent.thread.SimpleThreads : 40 ] - main:Still waiting...
2016-04-29 15:40:32.804 [ main ] - [ INFO  ] [ com.xc.concurrent.thread.SimpleThreads : 40 ] - main:Still waiting...
2016-04-29 15:40:32.804 [ main ] - [ INFO  ] [ com.xc.concurrent.thread.SimpleThreads : 40 ] - main:Still waiting...
2016-04-29 15:40:33.804 [ main ] - [ INFO  ] [ com.xc.concurrent.thread.SimpleThreads : 40 ] - main:Still waiting...
2016-04-29 15:40:33.804 [ main ] - [ INFO  ] [ com.xc.concurrent.thread.SimpleThreads : 40 ] - main:Still waiting...
2016-04-29 15:40:34.793 [ Thread-0 ] - [ INFO  ] [ com.xc.concurrent.thread.SimpleThreads : 40 ] - Thread-0:A kid will eat ivy too
2016-04-29 15:40:34.793 [ Thread-0 ] - [ INFO  ] [ com.xc.concurrent.thread.SimpleThreads : 40 ] - Thread-0:A kid will eat ivy too
2016-04-29 15:40:34.793 [ main ] - [ INFO  ] [ com.xc.concurrent.thread.SimpleThreads : 40 ] - main:Finally!
2016-04-29 15:40:34.793 [ main ] - [ INFO  ] [ com.xc.concurrent.thread.SimpleThreads : 40 ] - main:Finally!
